[2025-07-03T19:25:19.073+0000] {manager.py:469} INFO - Processing files using up to 2 processes at a time 
[2025-07-03T19:25:19.074+0000] {manager.py:470} INFO - Process each file at most once every 30 seconds
[2025-07-03T19:25:19.074+0000] {manager.py:471} INFO - Checking for new files in /opt/airflow/dags every 300 seconds
[2025-07-03T19:25:19.075+0000] {manager.py:738} INFO - Searching for files in /opt/airflow/dags
[2025-07-03T19:25:19.112+0000] {manager.py:741} INFO - There are 0 files in /opt/airflow/dags
[2025-07-03T19:26:34.381+0000] {manager.py:451} INFO - Exiting gracefully upon receiving signal 15
[2025-07-03T19:31:52.439+0000] {manager.py:469} INFO - Processing files using up to 2 processes at a time 
[2025-07-03T19:31:52.439+0000] {manager.py:470} INFO - Process each file at most once every 30 seconds
[2025-07-03T19:31:52.440+0000] {manager.py:471} INFO - Checking for new files in /opt/airflow/dags every 300 seconds
[2025-07-03T19:31:52.440+0000] {manager.py:738} INFO - Searching for files in /opt/airflow/dags
[2025-07-03T19:31:52.443+0000] {manager.py:741} INFO - There are 0 files in /opt/airflow/dags
[2025-07-03T19:34:03.332+0000] {manager.py:451} INFO - Exiting gracefully upon receiving signal 15
[2025-07-04T14:23:04.277+0000] {manager.py:469} INFO - Processing files using up to 2 processes at a time 
[2025-07-04T14:23:04.278+0000] {manager.py:470} INFO - Process each file at most once every 30 seconds
[2025-07-04T14:23:04.278+0000] {manager.py:471} INFO - Checking for new files in /opt/airflow/dags every 300 seconds
[2025-07-04T14:23:04.279+0000] {manager.py:738} INFO - Searching for files in /opt/airflow/dags
[2025-07-04T14:23:04.281+0000] {manager.py:741} INFO - There are 0 files in /opt/airflow/dags
[2025-07-04T14:23:09.886+0000] {manager.py:451} INFO - Exiting gracefully upon receiving signal 15
[2025-07-04T14:24:15.894+0000] {manager.py:469} INFO - Processing files using up to 2 processes at a time 
[2025-07-04T14:24:15.895+0000] {manager.py:470} INFO - Process each file at most once every 30 seconds
[2025-07-04T14:24:15.895+0000] {manager.py:471} INFO - Checking for new files in /opt/airflow/dags every 300 seconds
[2025-07-04T14:24:15.895+0000] {manager.py:738} INFO - Searching for files in /opt/airflow/dags
[2025-07-04T14:24:15.898+0000] {manager.py:741} INFO - There are 0 files in /opt/airflow/dags
[2025-07-04T14:24:53.431+0000] {manager.py:451} INFO - Exiting gracefully upon receiving signal 15
